<?xml version="1.0" encoding="UTF-8"?>
<testng-results skipped="0" failed="0" ignored="0" total="3" passed="3">
  <reporter-output>
  </reporter-output>
  <suite name="Default suite" duration-ms="7158" started-at="2019-06-18T11:47:11Z" finished-at="2019-06-18T11:47:18Z">
    <groups>
    </groups>
    <test name="Default test" duration-ms="7158" started-at="2019-06-18T11:47:11Z" finished-at="2019-06-18T11:47:18Z">
      <class name="com.qa.test.GetCallHungerstationApis">
        <test-method status="PASS" signature="IsUserAbleToOpenApp_testOpeningApi()[pri:0, instance:com.qa.test.GetCallHungerstationApis@1b604f19]" name="IsUserAbleToOpenApp_testOpeningApi" duration-ms="5281" started-at="2019-06-18T11:47:11Z" finished-at="2019-06-18T11:47:17Z">
          <reporter-output>
          </reporter-output>
        </test-method> <!-- IsUserAbleToOpenApp_testOpeningApi -->
        <test-method status="PASS" signature="IsUserAbleToSelectAddress_TestSpecificLocationCordinates()[pri:0, instance:com.qa.test.GetCallHungerstationApis@1b604f19]" name="IsUserAbleToSelectAddress_TestSpecificLocationCordinates" duration-ms="1156" started-at="2019-06-18T11:47:17Z" finished-at="2019-06-18T11:47:18Z">
          <reporter-output>
          </reporter-output>
        </test-method> <!-- IsUserAbleToSelectAddress_TestSpecificLocationCordinates -->
        <test-method status="PASS" signature="UserShouldSeePromotionsBanner_TestPromotionBannerOnListingScreen()[pri:0, instance:com.qa.test.GetCallHungerstationApis@1b604f19]" name="UserShouldSeePromotionsBanner_TestPromotionBannerOnListingScreen" duration-ms="614" started-at="2019-06-18T11:47:18Z" finished-at="2019-06-18T11:47:18Z">
          <reporter-output>
          </reporter-output>
        </test-method> <!-- UserShouldSeePromotionsBanner_TestPromotionBannerOnListingScreen -->
      </class> <!-- com.qa.test.GetCallHungerstationApis -->
    </test> <!-- Default test -->
  </suite> <!-- Default suite -->
</testng-results>
